[debug] [2024-07-23T08:42:11.209Z] ----------------------------------------------------------------------
[debug] [2024-07-23T08:42:11.214Z] Command:       C:\Program Files\nodejs\node.exe C:\Users\SE\AppData\Roaming\npm\node_modules\firebase-tools\lib\bin\firebase.js init
[debug] [2024-07-23T08:42:11.215Z] CLI Version:   13.13.3
[debug] [2024-07-23T08:42:11.215Z] Platform:      win32
[debug] [2024-07-23T08:42:11.215Z] Node Version:  v20.15.1
[debug] [2024-07-23T08:42:11.215Z] Time:          Tue Jul 23 2024 14:12:11 GMT+0530 (India Standard Time)
[debug] [2024-07-23T08:42:11.215Z] ----------------------------------------------------------------------
[debug] 
[debug] [2024-07-23T08:42:11.223Z] > command requires scopes: ["email","openid","https://www.googleapis.com/auth/cloudplatformprojects.readonly","https://www.googleapis.com/auth/firebase","https://www.googleapis.com/auth/cloud-platform"]
[debug] [2024-07-23T08:42:11.224Z] > authorizing via signed-in user (trudevelopment.ayush@gmail.com)
[info] 
     ######## #### ########  ######## ########     ###     ######  ########
     ##        ##  ##     ## ##       ##     ##  ##   ##  ##       ##
     ######    ##  ########  ######   ########  #########  ######  ######
     ##        ##  ##    ##  ##       ##     ## ##     ##       ## ##
     ##       #### ##     ## ######## ########  ##     ##  ######  ########

You're about to initialize a Firebase project in this directory:

  C:\Users\SE\OneDrive\Documents\Phoenix Code\Auronix Website

[info] 
=== Project Setup
[info] 
[info] First, let's associate this project directory with a Firebase project.
[info] You can create multiple project aliases by running firebase use --add, 
[info] but for now we'll just set up a default project.
[info] 
[debug] [2024-07-23T08:42:21.614Z] >>> [apiv2][query] GET https://firebase.googleapis.com/v1beta1/projects pageSize=100
[debug] [2024-07-23T08:42:22.369Z] <<< [apiv2][status] GET https://firebase.googleapis.com/v1beta1/projects 200
[debug] [2024-07-23T08:42:22.370Z] <<< [apiv2][body] GET https://firebase.googleapis.com/v1beta1/projects [omitted]
[info] i  Using project auronix-website (Auronix Website) 
[info] 
=== Hosting Setup
[debug] [2024-07-23T08:42:26.901Z] >>> [apiv2][query] GET https://firebase.googleapis.com/v1beta1/projects/auronix-website [none]
[debug] [2024-07-23T08:42:27.299Z] <<< [apiv2][status] GET https://firebase.googleapis.com/v1beta1/projects/auronix-website 200
[debug] [2024-07-23T08:42:27.299Z] <<< [apiv2][body] GET https://firebase.googleapis.com/v1beta1/projects/auronix-website {"projectId":"auronix-website","projectNumber":"986858172712","displayName":"Auronix Website","name":"projects/auronix-website","resources":{"hostingSite":"auronix-website","realtimeDatabaseInstance":"auronix-website-default-rtdb","storageBucket":"auronix-website.appspot.com","locationId":"asia-southeast1"},"state":"ACTIVE","etag":"1_39d5fc28-4049-47d5-ba4f-0527d95f5a69"}
[info] 
[info] Your public directory is the folder (relative to your project directory) that
[info] will contain Hosting assets to be uploaded with firebase deploy. If you
[info] have a build process for your assets, use your build's output directory.
[info] 
[info] +  Wrote public/404.html 
[debug] [2024-07-23T08:44:23.360Z] >>> [apiv2][query] GET https://www.gstatic.com/firebasejs/releases.json [none]
[debug] [2024-07-23T08:44:23.579Z] <<< [apiv2][status] GET https://www.gstatic.com/firebasejs/releases.json 200
[debug] [2024-07-23T08:44:23.579Z] <<< [apiv2][body] GET https://www.gstatic.com/firebasejs/releases.json {"current":{"version":"10.12.4","browserURL":"https://www.gstatic.com/firebasejs/10.12.4/firebase.js","packageURL":"https://www.gstatic.com/firebasejs/10.12.4/firebase.tgz"},"live":{"version":"10.12","browserURL":"https://www.gstatic.com/firebasejs/live/10.12/firebase.js","packageURL":"https://www.gstatic.com/firebasejs/live/10.12/firebase.tgz"},"components":{"analytics":"https://www.gstatic.com/firebasejs/10.12.4/firebase-analytics.js","app":"https://www.gstatic.com/firebasejs/10.12.4/firebase-app.js","app-check":"https://www.gstatic.com/firebasejs/10.12.4/firebase-app-check.js","auth":"https://www.gstatic.com/firebasejs/10.12.4/firebase-auth.js","auth/cordova":"https://www.gstatic.com/firebasejs/10.12.4/firebase-auth/cordova.js","auth/web-extension":"https://www.gstatic.com/firebasejs/10.12.4/firebase-auth/web-extension.js","functions":"https://www.gstatic.com/firebasejs/10.12.4/firebase-functions.js","firestore":"https://www.gstatic.com/firebasejs/10.12.4/firebase-firestore.js","firestore/lite":"https://www.gstatic.com/firebasejs/10.12.4/firebase-firestore/lite.js","installations":"https://www.gstatic.com/firebasejs/10.12.4/firebase-installations.js","storage":"https://www.gstatic.com/firebasejs/10.12.4/firebase-storage.js","performance":"https://www.gstatic.com/firebasejs/10.12.4/firebase-performance.js","remote-config":"https://www.gstatic.com/firebasejs/10.12.4/firebase-remote-config.js","messaging":"https://www.gstatic.com/firebasejs/10.12.4/firebase-messaging.js","messaging/sw":"https://www.gstatic.com/firebasejs/10.12.4/firebase-messaging/sw.js","database":"https://www.gstatic.com/firebasejs/10.12.4/firebase-database.js","vertexai-preview":"https://www.gstatic.com/firebasejs/10.12.4/firebase-vertexai-preview.js","firestore.memory":"https://www.gstatic.com/firebasejs/10.12.4/firebase-firestore.memory.js"}}
[info] i  Skipping write of public/index.html 
[info] 
[info] i  Writing configuration info to firebase.json... 
[info] i  Writing project information to .firebaserc... 
[info] i  Writing gitignore file to .gitignore... 
[info] 
[info] +  Firebase initialization complete! 
